<?xml version="1.0" encoding="UTF-8"?>
<!-- Generated by org.testng.reporters.JUnitXMLReporter -->
<testsuite ignored="0" hostname="Bharath" failures="1" tests="6" name="Test" time="39.191" errors="0" timestamp="2022-06-07T21:30:53 IST">
  <testcase classname="com.application.test.ApplicationTest" name="verifyApplicationTitle" time="3.805">
    <failure type="java.lang.AssertionError" message="expected [ParaBank | Customer Lookup] but found [ParaBank | Welcome | Online Banking]">
      <![CDATA[java.lang.AssertionError: expected [ParaBank | Customer Lookup] but found [ParaBank | Welcome | Online Banking]
at com.application.pages.LoginPage.verifyTitle(LoginPage.java:46)
at com.application.test.ApplicationTest.verifyApplicationTitle(ApplicationTest.java:19)
at java.base/java.util.ArrayList.forEach(ArrayList.java:1511)
... Removed 33 stack frames]]>
    </failure>
  </testcase> <!-- verifyApplicationTitle -->
  <testcase classname="com.application.test.ApplicationTest" name="verifyApplicationCaption" time="3.721"/>
  <testcase classname="com.application.test.ApplicationTest" name="verifyApplicationLogin" time="7.481"/>
  <testcase classname="com.application.test.ApplicationTest" name="verifyApplicationLogin" time="5.317"/>
  <testcase classname="com.application.test.ApplicationTest" name="verifyRegistrationPage" time="3.401"/>
  <testcase classname="com.application.test.ApplicationTest" name="verifyForgotPassword" time="3.593"/>
</testsuite> <!-- Test -->
