<?xml version="1.0" encoding="UTF-8"?>
<!-- Generated by org.testng.reporters.JUnitXMLReporter -->
<testsuite ignored="0" hostname="LAPTOP-OUP4BTNR" failures="0" tests="4" name="Test" time="29.53" errors="0" timestamp="2022-07-08T17:10:02 IST">
  <testcase classname="com.application.test.ApplicationTest" name="verifyApplicationTitle" time="1.847"/>
  <testcase classname="com.application.test.ApplicationTest" name="addProductToCartInApp" time="5.91"/>
  <testcase classname="com.application.test.ApplicationTest" name="VerifyProductAddedTOCart" time="4.954"/>
  <testcase classname="com.application.test.ApplicationTest" name="placeOrderAndRemoveProduct" time="12.006"/>
</testsuite> <!-- Test -->
