<?xml version="1.0" encoding="UTF-8"?>
<testng-results ignored="0" total="4" passed="4" failed="0" skipped="0">
  <reporter-output>
  </reporter-output>
  <suite started-at="2022-07-08T17:09:32 IST" name="Suite" finished-at="2022-07-08T17:10:02 IST" duration-ms="29530">
    <groups>
    </groups>
    <test started-at="2022-07-08T17:09:32 IST" name="Test" finished-at="2022-07-08T17:10:02 IST" duration-ms="29530">
      <class name="com.application.test.ApplicationTest">
        <test-method is-config="true" signature="setupReport()[pri:0, instance:com.application.test.ApplicationTest@5d7148e2]" started-at="2022-07-08T17:09:32 IST" name="setupReport" finished-at="2022-07-08T17:09:32 IST" duration-ms="151" status="PASS">
          <reporter-output>
          </reporter-output>
        </test-method> <!-- setupReport -->
        <test-method is-config="true" signature="setupBrowser(java.lang.String)[pri:0, instance:com.application.test.ApplicationTest@5d7148e2]" started-at="2022-07-08T17:09:32 IST" name="setupBrowser" finished-at="2022-07-08T17:09:34 IST" duration-ms="1375" status="PASS">
          <params>
            <param index="0">
              <value>
                <![CDATA[chrome]]>
              </value>
            </param>
          </params>
          <reporter-output>
          </reporter-output>
        </test-method> <!-- setupBrowser -->
        <test-method signature="verifyApplicationTitle()[pri:1, instance:com.application.test.ApplicationTest@5d7148e2]" started-at="2022-07-08T17:09:34 IST" name="verifyApplicationTitle" finished-at="2022-07-08T17:09:36 IST" duration-ms="1847" status="PASS">
          <reporter-output>
          </reporter-output>
        </test-method> <!-- verifyApplicationTitle -->
        <test-method is-config="true" signature="closeBrowser()[pri:0, instance:com.application.test.ApplicationTest@5d7148e2]" started-at="2022-07-08T17:09:36 IST" name="closeBrowser" finished-at="2022-07-08T17:09:36 IST" duration-ms="0" status="PASS">
          <reporter-output>
          </reporter-output>
        </test-method> <!-- closeBrowser -->
        <test-method is-config="true" signature="setupBrowser(java.lang.String)[pri:0, instance:com.application.test.ApplicationTest@5d7148e2]" started-at="2022-07-08T17:09:36 IST" name="setupBrowser" finished-at="2022-07-08T17:09:36 IST" duration-ms="787" status="PASS">
          <params>
            <param index="0">
              <value>
                <![CDATA[chrome]]>
              </value>
            </param>
          </params>
          <reporter-output>
          </reporter-output>
        </test-method> <!-- setupBrowser -->
        <test-method signature="addProductToCartInApp()[pri:2, instance:com.application.test.ApplicationTest@5d7148e2]" started-at="2022-07-08T17:09:36 IST" name="addProductToCartInApp" finished-at="2022-07-08T17:09:42 IST" duration-ms="5910" status="PASS">
          <reporter-output>
          </reporter-output>
        </test-method> <!-- addProductToCartInApp -->
        <test-method is-config="true" signature="closeBrowser()[pri:0, instance:com.application.test.ApplicationTest@5d7148e2]" started-at="2022-07-08T17:09:42 IST" name="closeBrowser" finished-at="2022-07-08T17:09:42 IST" duration-ms="8" status="PASS">
          <reporter-output>
          </reporter-output>
        </test-method> <!-- closeBrowser -->
        <test-method is-config="true" signature="setupBrowser(java.lang.String)[pri:0, instance:com.application.test.ApplicationTest@5d7148e2]" started-at="2022-07-08T17:09:42 IST" name="setupBrowser" finished-at="2022-07-08T17:09:43 IST" duration-ms="788" status="PASS">
          <params>
            <param index="0">
              <value>
                <![CDATA[chrome]]>
              </value>
            </param>
          </params>
          <reporter-output>
          </reporter-output>
        </test-method> <!-- setupBrowser -->
        <test-method signature="VerifyProductAddedTOCart()[pri:3, instance:com.application.test.ApplicationTest@5d7148e2]" started-at="2022-07-08T17:09:43 IST" name="VerifyProductAddedTOCart" finished-at="2022-07-08T17:09:48 IST" duration-ms="4954" status="PASS">
          <reporter-output>
          </reporter-output>
        </test-method> <!-- VerifyProductAddedTOCart -->
        <test-method is-config="true" signature="closeBrowser()[pri:0, instance:com.application.test.ApplicationTest@5d7148e2]" started-at="2022-07-08T17:09:48 IST" name="closeBrowser" finished-at="2022-07-08T17:09:48 IST" duration-ms="0" status="PASS">
          <reporter-output>
          </reporter-output>
        </test-method> <!-- closeBrowser -->
        <test-method is-config="true" signature="setupBrowser(java.lang.String)[pri:0, instance:com.application.test.ApplicationTest@5d7148e2]" started-at="2022-07-08T17:09:49 IST" name="setupBrowser" finished-at="2022-07-08T17:09:50 IST" duration-ms="834" status="PASS">
          <params>
            <param index="0">
              <value>
                <![CDATA[chrome]]>
              </value>
            </param>
          </params>
          <reporter-output>
          </reporter-output>
        </test-method> <!-- setupBrowser -->
        <test-method signature="placeOrderAndRemoveProduct(java.lang.String,java.lang.String)[pri:4, instance:com.application.test.ApplicationTest@5d7148e2]" started-at="2022-07-08T17:09:50 IST" name="placeOrderAndRemoveProduct" data-provider="loginData" finished-at="2022-07-08T17:10:02 IST" duration-ms="12006" status="PASS">
          <params>
            <param index="0">
              <value>
                <![CDATA[lavanya.ibo@gmail.com]]>
              </value>
            </param>
            <param index="1">
              <value>
                <![CDATA[Lavanya19]]>
              </value>
            </param>
          </params>
          <reporter-output>
          </reporter-output>
        </test-method> <!-- placeOrderAndRemoveProduct -->
        <test-method is-config="true" signature="closeBrowser()[pri:0, instance:com.application.test.ApplicationTest@5d7148e2]" started-at="2022-07-08T17:10:02 IST" name="closeBrowser" finished-at="2022-07-08T17:10:02 IST" duration-ms="0" status="PASS">
          <reporter-output>
          </reporter-output>
        </test-method> <!-- closeBrowser -->
        <test-method is-config="true" signature="stopReporting()[pri:0, instance:com.application.test.ApplicationTest@5d7148e2]" started-at="2022-07-08T17:10:02 IST" name="stopReporting" finished-at="2022-07-08T17:10:03 IST" duration-ms="546" status="PASS">
          <reporter-output>
          </reporter-output>
        </test-method> <!-- stopReporting -->
      </class> <!-- com.application.test.ApplicationTest -->
    </test> <!-- Test -->
  </suite> <!-- Suite -->
</testng-results>
